Arguments: 
  C:\Program Files\nodejs\node.exe C:\Users\Thomas\AppData\Roaming\npm\node_modules\yarn\bin\yarn.js

PATH: 
  C:\WINDOWS\system32;C:\WINDOWS;C:\WINDOWS\System32\Wbem;C:\WINDOWS\System32\WindowsPowerShell\v1.0\;C:\WINDOWS\System32\OpenSSH\;C:\Program Files (x86)\Brackets\command;C:\Program Files\Git\cmd;C:\Program Files\nodejs\;C:\Users\Thomas\AppData\Local\Microsoft\WindowsApps;C:\Users\Thomas\AppData\Local\Microsoft\WindowsApps;C:\Users\Thomas\AppData\Roaming\npm;C:\Exercism;C:\Users\Thomas\AppData\Local\GitHubDesktop\bin;C:\Users\Thomas\AppData\Local\Programs\Microsoft VS Code\bin

Yarn version: 
  1.22.10

Node version: 
  14.10.1

Platform: 
  win32 x64

Trace: 
  Error: EPERM: operation not permitted, unlink 'C:\EFREI\pro\cross-2d0\l1-api\node_modules\@prisma\engines\node_modules\.cache\prisma\master'

npm manifest: 
  {
    "name": "hello-server",
    "version": "1.0.0",
    "description": "A simple server",
    "main": "src/server.js",
    "author": "Majdi Toumi <majdi@mhirba.com>",
    "license": "ISC",
    "scripts": {
      "dev": "npx nodemon src/server",
      "start": "npx babel-node src/server",
      "email": "npx maildev",
      "test": "echo \"Error: no test specified\" && exit 1"
    },
    "keywords": [
      "server",
      "API"
    ],
    "dependencies": {
      "@prisma/client": "^2.18.0",
      "bcryptjs": "^2.4.3",
      "chalk": "^3.0.0",
      "cors": "^2.8.5",
      "dotenv": "^8.2.0",
      "express": "^4.17.1",
      "jsonwebtoken": "^8.5.1",
      "lodash": "^4.17.21",
      "nodemailer": "^6.5.0",
      "passport": "^0.4.1",
      "passport-jwt": "^4.0.0",
      "passport-local": "^1.0.0",
      "randomstring": "^1.1.5"
    },
    "devDependencies": {
      "@babel/core": "^7.13.8",
      "@babel/node": "^7.13.0",
      "@babel/preset-env": "^7.13.9",
      "maildev": "^1.1.0",
      "nodemon": "^2.0.7",
      "prisma": "^2.18.0"
    }
  }

yarn manifest: 
  No manifest

Lockfile: 
  No lockfile
